mode: set
github.com/yazuka000/bookings/internal/handlers/handlers.go:31.62,36.2 1 0
github.com/yazuka000/bookings/internal/handlers/handlers.go:39.51,44.2 1 1
github.com/yazuka000/bookings/internal/handlers/handlers.go:47.33,49.2 1 1
github.com/yazuka000/bookings/internal/handlers/handlers.go:51.67,53.2 1 1
github.com/yazuka000/bookings/internal/handlers/handlers.go:55.68,58.2 1 1
github.com/yazuka000/bookings/internal/handlers/handlers.go:61.74,66.9 2 1
github.com/yazuka000/bookings/internal/handlers/handlers.go:73.2,74.16 2 1
github.com/yazuka000/bookings/internal/handlers/handlers.go:81.2,99.4 10 1
github.com/yazuka000/bookings/internal/handlers/handlers.go:66.9,71.3 3 1
github.com/yazuka000/bookings/internal/handlers/handlers.go:74.16,79.3 3 1
github.com/yazuka000/bookings/internal/handlers/handlers.go:102.78,109.16 2 1
github.com/yazuka000/bookings/internal/handlers/handlers.go:115.2,121.16 5 1
github.com/yazuka000/bookings/internal/handlers/handlers.go:127.2,128.16 2 1
github.com/yazuka000/bookings/internal/handlers/handlers.go:134.2,135.16 2 1
github.com/yazuka000/bookings/internal/handlers/handlers.go:141.2,162.19 6 1
github.com/yazuka000/bookings/internal/handlers/handlers.go:175.2,176.16 2 1
github.com/yazuka000/bookings/internal/handlers/handlers.go:184.2,193.16 3 1
github.com/yazuka000/bookings/internal/handlers/handlers.go:199.2,201.66 2 1
github.com/yazuka000/bookings/internal/handlers/handlers.go:109.16,113.3 3 1
github.com/yazuka000/bookings/internal/handlers/handlers.go:121.16,125.3 3 1
github.com/yazuka000/bookings/internal/handlers/handlers.go:128.16,132.3 3 1
github.com/yazuka000/bookings/internal/handlers/handlers.go:135.16,139.3 3 1
github.com/yazuka000/bookings/internal/handlers/handlers.go:162.19,173.3 5 1
github.com/yazuka000/bookings/internal/handlers/handlers.go:176.16,180.3 3 1
github.com/yazuka000/bookings/internal/handlers/handlers.go:193.16,197.3 3 1
github.com/yazuka000/bookings/internal/handlers/handlers.go:205.71,207.2 1 1
github.com/yazuka000/bookings/internal/handlers/handlers.go:210.69,212.2 1 1
github.com/yazuka000/bookings/internal/handlers/handlers.go:215.75,217.2 1 1
github.com/yazuka000/bookings/internal/handlers/handlers.go:220.79,227.16 5 0
github.com/yazuka000/bookings/internal/handlers/handlers.go:230.2,231.16 2 0
github.com/yazuka000/bookings/internal/handlers/handlers.go:235.2,236.16 2 0
github.com/yazuka000/bookings/internal/handlers/handlers.go:240.2,240.26 1 0
github.com/yazuka000/bookings/internal/handlers/handlers.go:244.2,244.21 1 0
github.com/yazuka000/bookings/internal/handlers/handlers.go:252.2,264.4 5 0
github.com/yazuka000/bookings/internal/handlers/handlers.go:227.16,229.3 1 0
github.com/yazuka000/bookings/internal/handlers/handlers.go:231.16,233.3 1 0
github.com/yazuka000/bookings/internal/handlers/handlers.go:236.16,238.3 1 0
github.com/yazuka000/bookings/internal/handlers/handlers.go:240.26,242.3 1 0
github.com/yazuka000/bookings/internal/handlers/handlers.go:244.21,250.3 2 0
github.com/yazuka000/bookings/internal/handlers/handlers.go:278.79,281.16 2 1
github.com/yazuka000/bookings/internal/handlers/handlers.go:294.2,304.16 8 1
github.com/yazuka000/bookings/internal/handlers/handlers.go:317.2,330.14 4 1
github.com/yazuka000/bookings/internal/handlers/handlers.go:281.16,292.3 5 0
github.com/yazuka000/bookings/internal/handlers/handlers.go:304.16,315.3 5 0
github.com/yazuka000/bookings/internal/handlers/handlers.go:333.70,335.2 1 1
github.com/yazuka000/bookings/internal/handlers/handlers.go:338.81,340.9 2 0
github.com/yazuka000/bookings/internal/handlers/handlers.go:347.2,361.4 9 0
github.com/yazuka000/bookings/internal/handlers/handlers.go:340.9,345.3 4 0
github.com/yazuka000/bookings/internal/handlers/handlers.go:365.73,367.16 2 0
github.com/yazuka000/bookings/internal/handlers/handlers.go:375.2,376.9 2 0
github.com/yazuka000/bookings/internal/handlers/handlers.go:380.2,384.63 3 0
github.com/yazuka000/bookings/internal/handlers/handlers.go:367.16,373.3 4 0
github.com/yazuka000/bookings/internal/handlers/handlers.go:376.9,378.3 1 0
github.com/yazuka000/bookings/internal/handlers/handlers.go:388.71,400.16 9 0
github.com/yazuka000/bookings/internal/handlers/handlers.go:404.2,412.63 6 0
github.com/yazuka000/bookings/internal/handlers/handlers.go:400.16,402.3 1 0
